0 [main] ERROR com.documentum.fc.common.impl.logging.LoggingConfigurator  - Problem locating log4j configuration
1 [main] WARN com.documentum.fc.common.impl.logging.LoggingConfigurator  - Using default log4j configuration
1 [main] ERROR com.documentum.fc.common.impl.logging.LoggingConfigurator  - Problem locating log4j configuration
2 [main] WARN com.documentum.fc.common.impl.logging.LoggingConfigurator  - Using default log4j configuration
0 [main] ERROR com.documentum.fc.common.impl.logging.LoggingConfigurator  - Problem locating log4j configuration
2 [main] WARN com.documentum.fc.common.impl.logging.LoggingConfigurator  - Using default log4j configuration
0 [main] ERROR com.documentum.fc.common.impl.logging.LoggingConfigurator  - Problem locating log4j configuration
2 [main] WARN com.documentum.fc.common.impl.logging.LoggingConfigurator  - Using default log4j configuration
0 [main] ERROR com.documentum.fc.common.impl.logging.LoggingConfigurator  - Problem locating log4j configuration
2 [main] WARN com.documentum.fc.common.impl.logging.LoggingConfigurator  - Using default log4j configuration
0 [main] ERROR com.documentum.fc.common.impl.logging.LoggingConfigurator  - Problem locating log4j configuration
1 [main] WARN com.documentum.fc.common.impl.logging.LoggingConfigurator  - Using default log4j configuration
0 [main] ERROR com.documentum.fc.common.impl.logging.LoggingConfigurator  - Problem locating log4j configuration
0 [main] WARN com.documentum.fc.common.impl.logging.LoggingConfigurator  - Using default log4j configuration
0 [main] ERROR com.documentum.fc.common.impl.logging.LoggingConfigurator  - Problem locating log4j configuration
1 [main] WARN com.documentum.fc.common.impl.logging.LoggingConfigurator  - Using default log4j configuration
0 [main] ERROR com.documentum.fc.common.impl.logging.LoggingConfigurator  - Problem locating log4j configuration
7 [main] WARN com.documentum.fc.common.impl.logging.LoggingConfigurator  - Using default log4j configuration
0 [main] ERROR com.documentum.fc.common.impl.logging.LoggingConfigurator  - Problem locating log4j configuration
7 [main] WARN com.documentum.fc.common.impl.logging.LoggingConfigurator  - Using default log4j configuration
1 [main] ERROR com.documentum.fc.common.impl.logging.LoggingConfigurator  - Problem locating log4j configuration
2 [main] WARN com.documentum.fc.common.impl.logging.LoggingConfigurator  - Using default log4j configuration
0 [main] ERROR com.documentum.fc.common.impl.logging.LoggingConfigurator  - Problem locating log4j configuration
2 [main] WARN com.documentum.fc.common.impl.logging.LoggingConfigurator  - Using default log4j configuration
0 [main] ERROR com.documentum.fc.common.impl.logging.LoggingConfigurator  - Problem locating log4j configuration
1 [main] WARN com.documentum.fc.common.impl.logging.LoggingConfigurator  - Using default log4j configuration
0 [main] ERROR com.documentum.fc.common.impl.logging.LoggingConfigurator  - Problem locating log4j configuration
2 [main] WARN com.documentum.fc.common.impl.logging.LoggingConfigurator  - Using default log4j configuration
0 [main] ERROR com.documentum.fc.common.impl.logging.LoggingConfigurator  - Problem locating log4j configuration
1 [main] WARN com.documentum.fc.common.impl.logging.LoggingConfigurator  - Using default log4j configuration
0 [main] ERROR com.documentum.fc.common.impl.logging.LoggingConfigurator  - Problem locating log4j configuration
1 [main] WARN com.documentum.fc.common.impl.logging.LoggingConfigurator  - Using default log4j configuration
0 [main] ERROR com.documentum.fc.common.impl.logging.LoggingConfigurator  - Problem locating log4j configuration
1 [main] WARN com.documentum.fc.common.impl.logging.LoggingConfigurator  - Using default log4j configuration
1 [main] ERROR com.documentum.fc.common.impl.logging.LoggingConfigurator  - Problem locating log4j configuration
2 [main] WARN com.documentum.fc.common.impl.logging.LoggingConfigurator  - Using default log4j configuration
0 [main] ERROR com.documentum.fc.common.impl.logging.LoggingConfigurator  - Problem locating log4j configuration
2 [main] WARN com.documentum.fc.common.impl.logging.LoggingConfigurator  - Using default log4j configuration
0 [main] ERROR com.documentum.fc.common.impl.logging.LoggingConfigurator  - Problem locating log4j configuration
1 [main] WARN com.documentum.fc.common.impl.logging.LoggingConfigurator  - Using default log4j configuration
0 [main] ERROR com.documentum.fc.common.impl.logging.LoggingConfigurator  - Problem locating log4j configuration
2 [main] WARN com.documentum.fc.common.impl.logging.LoggingConfigurator  - Using default log4j configuration
0 [main] ERROR com.documentum.fc.common.impl.logging.LoggingConfigurator  - Problem locating log4j configuration
1 [main] WARN com.documentum.fc.common.impl.logging.LoggingConfigurator  - Using default log4j configuration
0 [main] ERROR com.documentum.fc.common.impl.logging.LoggingConfigurator  - Problem locating log4j configuration
2 [main] WARN com.documentum.fc.common.impl.logging.LoggingConfigurator  - Using default log4j configuration
0 [main] ERROR com.documentum.fc.common.impl.logging.LoggingConfigurator  - Problem locating log4j configuration
1 [main] WARN com.documentum.fc.common.impl.logging.LoggingConfigurator  - Using default log4j configuration
0 [main] ERROR com.documentum.fc.common.impl.logging.LoggingConfigurator  - Problem locating log4j configuration
1 [main] WARN com.documentum.fc.common.impl.logging.LoggingConfigurator  - Using default log4j configuration
0 [main] ERROR com.documentum.fc.common.impl.logging.LoggingConfigurator  - Problem locating log4j configuration
1 [main] WARN com.documentum.fc.common.impl.logging.LoggingConfigurator  - Using default log4j configuration
0 [main] ERROR com.documentum.fc.common.impl.logging.LoggingConfigurator  - Problem locating log4j configuration
1 [main] WARN com.documentum.fc.common.impl.logging.LoggingConfigurator  - Using default log4j configuration
1 [main] ERROR com.documentum.fc.common.impl.logging.LoggingConfigurator  - Problem locating log4j configuration
2 [main] WARN com.documentum.fc.common.impl.logging.LoggingConfigurator  - Using default log4j configuration
0 [main] ERROR com.documentum.fc.common.impl.logging.LoggingConfigurator  - Problem locating log4j configuration
1 [main] WARN com.documentum.fc.common.impl.logging.LoggingConfigurator  - Using default log4j configuration
0 [main] ERROR com.documentum.fc.common.impl.logging.LoggingConfigurator  - Problem locating log4j configuration
2 [main] WARN com.documentum.fc.common.impl.logging.LoggingConfigurator  - Using default log4j configuration
0 [main] ERROR com.documentum.fc.common.impl.logging.LoggingConfigurator  - Problem locating log4j configuration
2 [main] WARN com.documentum.fc.common.impl.logging.LoggingConfigurator  - Using default log4j configuration
0 [main] ERROR com.documentum.fc.common.impl.logging.LoggingConfigurator  - Problem locating log4j configuration
1 [main] WARN com.documentum.fc.common.impl.logging.LoggingConfigurator  - Using default log4j configuration
0 [main] ERROR com.documentum.fc.common.impl.logging.LoggingConfigurator  - Problem locating log4j configuration
1 [main] WARN com.documentum.fc.common.impl.logging.LoggingConfigurator  - Using default log4j configuration
0 [main] ERROR com.documentum.fc.common.impl.logging.LoggingConfigurator  - Problem locating log4j configuration
2 [main] WARN com.documentum.fc.common.impl.logging.LoggingConfigurator  - Using default log4j configuration
0 [main] ERROR com.documentum.fc.common.impl.logging.LoggingConfigurator  - Problem locating log4j configuration
1 [main] WARN com.documentum.fc.common.impl.logging.LoggingConfigurator  - Using default log4j configuration
0 [main] ERROR com.documentum.fc.common.impl.logging.LoggingConfigurator  - Problem locating log4j configuration
1 [main] WARN com.documentum.fc.common.impl.logging.LoggingConfigurator  - Using default log4j configuration
0 [main] ERROR com.documentum.fc.common.impl.logging.LoggingConfigurator  - Problem locating log4j configuration
2 [main] WARN com.documentum.fc.common.impl.logging.LoggingConfigurator  - Using default log4j configuration
0 [main] ERROR com.documentum.fc.common.impl.logging.LoggingConfigurator  - Problem locating log4j configuration
2 [main] WARN com.documentum.fc.common.impl.logging.LoggingConfigurator  - Using default log4j configuration
0 [main] ERROR com.documentum.fc.common.impl.logging.LoggingConfigurator  - Problem locating log4j configuration
1 [main] WARN com.documentum.fc.common.impl.logging.LoggingConfigurator  - Using default log4j configuration
0 [main] ERROR com.documentum.fc.common.impl.logging.LoggingConfigurator  - Problem locating log4j configuration
2 [main] WARN com.documentum.fc.common.impl.logging.LoggingConfigurator  - Using default log4j configuration
0 [main] ERROR com.documentum.fc.common.impl.logging.LoggingConfigurator  - Problem locating log4j configuration
2 [main] WARN com.documentum.fc.common.impl.logging.LoggingConfigurator  - Using default log4j configuration
0 [main] ERROR com.documentum.fc.common.impl.logging.LoggingConfigurator  - Problem locating log4j configuration
1 [main] WARN com.documentum.fc.common.impl.logging.LoggingConfigurator  - Using default log4j configuration
0 [main] ERROR com.documentum.fc.common.impl.logging.LoggingConfigurator  - Problem locating log4j configuration
2 [main] WARN com.documentum.fc.common.impl.logging.LoggingConfigurator  - Using default log4j configuration
0 [main] ERROR com.documentum.fc.common.impl.logging.LoggingConfigurator  - Problem locating log4j configuration
2 [main] WARN com.documentum.fc.common.impl.logging.LoggingConfigurator  - Using default log4j configuration
0 [main] ERROR com.documentum.fc.common.impl.logging.LoggingConfigurator  - Problem locating log4j configuration
0 [main] WARN com.documentum.fc.common.impl.logging.LoggingConfigurator  - Using default log4j configuration
0 [main] ERROR com.documentum.fc.common.impl.logging.LoggingConfigurator  - Problem locating log4j configuration
1 [main] WARN com.documentum.fc.common.impl.logging.LoggingConfigurator  - Using default log4j configuration
0 [main] ERROR com.documentum.fc.common.impl.logging.LoggingConfigurator  - Problem locating log4j configuration
2 [main] WARN com.documentum.fc.common.impl.logging.LoggingConfigurator  - Using default log4j configuration
1 [main] ERROR com.documentum.fc.common.impl.logging.LoggingConfigurator  - Problem locating log4j configuration
3 [main] WARN com.documentum.fc.common.impl.logging.LoggingConfigurator  - Using default log4j configuration
0 [main] ERROR com.documentum.fc.common.impl.logging.LoggingConfigurator  - Problem locating log4j configuration
2 [main] WARN com.documentum.fc.common.impl.logging.LoggingConfigurator  - Using default log4j configuration
0 [main] ERROR com.documentum.fc.common.impl.logging.LoggingConfigurator  - Problem locating log4j configuration
4 [main] WARN com.documentum.fc.common.impl.logging.LoggingConfigurator  - Using default log4j configuration
18 [main] WARN com.documentum.fc.common.DfPreferences  - [DFC_PREFERENCE_UNKNOWN_NAME] "tmp.folder" is not a recognized preference name
com.documentum.fc.impl.util.ThrowableStack
	at com.documentum.fc.common.impl.preferences.TypedPreferences.warnOnceAboutUnknownPreference(TypedPreferences.java:420)
	at com.documentum.fc.common.impl.preferences.TypedPreferences.warnAboutUnknownPreferences(TypedPreferences.java:411)
	at com.documentum.fc.common.impl.preferences.TypedPreferences.loadProperties(TypedPreferences.java:335)
	at com.documentum.fc.common.DfPreferences.loadProperties(DfPreferences.java:377)
	at com.documentum.fc.common.impl.preferences.PreferencesManager.<init>(PreferencesManager.java:38)
	at com.documentum.fc.common.DfPreferences.initialize(DfPreferences.java:64)
	at com.documentum.fc.common.DfPreferences.getInstance(DfPreferences.java:43)
	at com.documentum.fc.client.DfSimpleDbor.getDefaultDbor(DfSimpleDbor.java:78)
	at com.documentum.fc.client.DfSimpleDbor.<init>(DfSimpleDbor.java:66)
	at com.documentum.fc.client.DfClient$ClientImpl.<init>(DfClient.java:350)
	at com.documentum.fc.client.DfClient.<clinit>(DfClient.java:766)
	at com.documentum.com.DfClientX.getLocalClient(DfClientX.java:43)
	at org.fda.Manager.createSessionManager(Manager.java:157)
	at org.fda.Manager.<init>(Manager.java:46)
	at org.fda.MainTest.main(MainTest.java:9)
1892 [main] WARN com.documentum.fc.common.DfPreferences  - [DFC_PREFERENCE_UNKNOWN_NAME] "tmp.folder" is not a recognized preference name
com.documentum.fc.impl.util.ThrowableStack
	at com.documentum.fc.common.impl.preferences.TypedPreferences.warnOnceAboutUnknownPreference(TypedPreferences.java:420)
	at com.documentum.fc.common.impl.preferences.TypedPreferences.warnAboutUnknownPreferences(TypedPreferences.java:411)
	at com.documentum.fc.common.impl.preferences.TypedPreferences.loadProperties(TypedPreferences.java:335)
	at com.documentum.fc.common.DfPreferences.loadProperties(DfPreferences.java:377)
	at com.documentum.fc.common.impl.preferences.PreferencesManager.<init>(PreferencesManager.java:39)
	at com.documentum.fc.common.DfPreferences.initialize(DfPreferences.java:64)
	at com.documentum.fc.common.DfPreferences.getInstance(DfPreferences.java:43)
	at com.documentum.fc.client.DfSimpleDbor.getDefaultDbor(DfSimpleDbor.java:78)
	at com.documentum.fc.client.DfSimpleDbor.<init>(DfSimpleDbor.java:66)
	at com.documentum.fc.client.DfClient$ClientImpl.<init>(DfClient.java:350)
	at com.documentum.fc.client.DfClient.<clinit>(DfClient.java:766)
	at com.documentum.com.DfClientX.getLocalClient(DfClientX.java:43)
	at org.fda.Manager.createSessionManager(Manager.java:157)
	at org.fda.Manager.<init>(Manager.java:46)
	at org.fda.MainTest.main(MainTest.java:9)
0 [main] ERROR com.documentum.fc.common.impl.logging.LoggingConfigurator  - Problem locating log4j configuration
2 [main] WARN com.documentum.fc.common.impl.logging.LoggingConfigurator  - Using default log4j configuration
5 [main] WARN com.documentum.fc.common.DfPreferences  - [DFC_PREFERENCE_UNKNOWN_NAME] "tmp.folder" is not a recognized preference name
com.documentum.fc.impl.util.ThrowableStack
	at com.documentum.fc.common.impl.preferences.TypedPreferences.warnOnceAboutUnknownPreference(TypedPreferences.java:420)
	at com.documentum.fc.common.impl.preferences.TypedPreferences.warnAboutUnknownPreferences(TypedPreferences.java:411)
	at com.documentum.fc.common.impl.preferences.TypedPreferences.loadProperties(TypedPreferences.java:335)
	at com.documentum.fc.common.DfPreferences.loadProperties(DfPreferences.java:377)
	at com.documentum.fc.common.impl.preferences.PreferencesManager.<init>(PreferencesManager.java:38)
	at com.documentum.fc.common.DfPreferences.initialize(DfPreferences.java:64)
	at com.documentum.fc.common.DfPreferences.getInstance(DfPreferences.java:43)
	at com.documentum.fc.client.DfSimpleDbor.getDefaultDbor(DfSimpleDbor.java:78)
	at com.documentum.fc.client.DfSimpleDbor.<init>(DfSimpleDbor.java:66)
	at com.documentum.fc.client.DfClient$ClientImpl.<init>(DfClient.java:350)
	at com.documentum.fc.client.DfClient.<clinit>(DfClient.java:766)
	at com.documentum.com.DfClientX.getLocalClient(DfClientX.java:43)
	at org.fda.Manager.createSessionManager(Manager.java:177)
	at org.fda.Manager.<init>(Manager.java:54)
	at org.fda.MainTest.main(MainTest.java:9)
1548 [main] WARN com.documentum.fc.common.DfPreferences  - [DFC_PREFERENCE_UNKNOWN_NAME] "tmp.folder" is not a recognized preference name
com.documentum.fc.impl.util.ThrowableStack
	at com.documentum.fc.common.impl.preferences.TypedPreferences.warnOnceAboutUnknownPreference(TypedPreferences.java:420)
	at com.documentum.fc.common.impl.preferences.TypedPreferences.warnAboutUnknownPreferences(TypedPreferences.java:411)
	at com.documentum.fc.common.impl.preferences.TypedPreferences.loadProperties(TypedPreferences.java:335)
	at com.documentum.fc.common.DfPreferences.loadProperties(DfPreferences.java:377)
	at com.documentum.fc.common.impl.preferences.PreferencesManager.<init>(PreferencesManager.java:39)
	at com.documentum.fc.common.DfPreferences.initialize(DfPreferences.java:64)
	at com.documentum.fc.common.DfPreferences.getInstance(DfPreferences.java:43)
	at com.documentum.fc.client.DfSimpleDbor.getDefaultDbor(DfSimpleDbor.java:78)
	at com.documentum.fc.client.DfSimpleDbor.<init>(DfSimpleDbor.java:66)
	at com.documentum.fc.client.DfClient$ClientImpl.<init>(DfClient.java:350)
	at com.documentum.fc.client.DfClient.<clinit>(DfClient.java:766)
	at com.documentum.com.DfClientX.getLocalClient(DfClientX.java:43)
	at org.fda.Manager.createSessionManager(Manager.java:177)
	at org.fda.Manager.<init>(Manager.java:54)
	at org.fda.MainTest.main(MainTest.java:9)
